<?xml version="1.0" encoding="UTF-8"?>
<testng-results ignored="0" total="1" passed="1" failed="0" skipped="0">
  <reporter-output>
  </reporter-output>
  <suite started-at="2023-05-17T00:56:43 GMT-04:00" name="Default suite" finished-at="2023-05-17T00:56:48 GMT-04:00" duration-ms="5494">
    <groups>
    </groups>
    <test started-at="2023-05-17T00:56:43 GMT-04:00" name="Default test" finished-at="2023-05-17T00:56:48 GMT-04:00" duration-ms="5494">
      <class name="testCases.LoginTest">
        <test-method signature="verifyValidLogin()[pri:0, instance:testCases.LoginTest@16a0ee18]" started-at="2023-05-17T00:56:43 GMT-04:00" name="verifyValidLogin" finished-at="2023-05-17T00:56:48 GMT-04:00" duration-ms="5436" status="PASS">
          <reporter-output>
          </reporter-output>
        </test-method> <!-- verifyValidLogin -->
      </class> <!-- testCases.LoginTest -->
    </test> <!-- Default test -->
  </suite> <!-- Default suite -->
</testng-results>
